TaxInvoiceTS1242503CA31992.pdf
Tax Invoice InterGlobe Aviation Limited
(Original For Recipient)

AO 6 Level F PTB

Rajiv Gandhi International Airport
Shamshabad

Rangareddy

Telangana - 509218

GSTIN : 36AABCI2726B1Z3
Number : TS1242503CA31992

Date : 06-Mar-2025

Passenger Name : Kesari Srinivasa Reddy

PNR : P4ZUMJ Flight No : 6E - 887 From : HYD DIXE Place of Supply : Telangana

GSTIN of Customer :

GSTIN Customer Name :
Currency : INR

NonTaxab SGSTIUGST CESS
SAC_ | Taxable Total(Incl
Description Code | Value | !e/Exempt 
Amount: 10013011001534.0, Date: , Vendor: Tax, Category: Food

TaxInvoiceTS1242503CA31992.pdf
Tax Invoice InterGlobe Aviation Limited
(Original For Recipient)

AO 6 Level F PTB

Rajiv Gandhi International Airport
Shamshabad

Rangareddy

Telangana - 509218

GSTIN : 36AABCI2726B1Z3
Number : TS1242503CA31992

Date : 06-Mar-2025

Passenger Name: Kesari Srinivasa Reddy

PNR : P4ZUMJ Flight No : 6E - 887 From : HYD : XE Place of Supply : Telangana

GSTIN of Customer :

GSTIN Customer Name :
Currency : INR

Description SAC | Taxable leExamat Total eet EGST seeruest CESS Total(Incl
Pp Code Value
Amount: 17836.0, Date: 2025-03-06 00:00:00, Vendor: Indigo, Category: Food

TaxInvoiceTS1242503CA31992.pdf
Tax Invoice InterGlobe Aviation Limited
(Original For Recipient)

AO 6 Level F PTB

Rajiv Gandhi International Airport
Shamshabad

Rangareddy

Telangana - 509218

GSTIN : 36AABCI2726B1Z3
Number : TS1242503CA31992

Date : 06-Mar-2025

Passenger Name: Kesari Srinivasa Reddy

PNR : P4ZUMJ Flight No : 6E - 887 From : HYD : XE Place of Supply : Telangana

GSTIN of Customer :

GSTIN Customer Name :
Currency : INR

Description SAC | Taxable leExamat Total eet EGST seeruest CESS Total(Incl
Pp Code Value
Amount: 17836.0, Date: 2025-03-06 00:00:00, Vendor: Indigo, Category: Food

amazon_invoice_sample.pdf
Amazon India
Invoice Date: 10/07/2025

Invoice Number: AMZ-INV-2025-07-10-001

Sold to: Sai Chandra

Shipping Address: Hyderabad, Telangana

Item(s):
1x Boat Rockerz 255 Pro+ Bluetooth Headphones

Unit Price: Rs. 1299.00

Payment Method: Amazon Pay

Total Amount: Rs. 1299.00

Amount: ₹1299.0, Date: 2025-10-07 00:00:00, Vendor: Amazon, Category: E-Commerce

TaxInvoiceTS1242503CA31992.pdf
Tax Invoice InterGlobe Aviation Limited
(Original For Recipient)

AO 6 Level F PTB

Rajiv Gandhi International Airport
Shamshabad

Rangareddy

Telangana - 509218

GSTIN : 36AABCI2726B1Z3
Number : TS1242503CA31992

Date : 06-Mar-2025

Passenger Name: Kesari Srinivasa Reddy

PNR : P4ZUMJ Flight No : 6E - 887 From : HYD : XE Place of Supply : Telangana

GSTIN of Customer :

GSTIN Customer Name :
Currency : INR

Description SAC | Taxable leExamat Total eet EGST seeruest CESS Total(Incl
Pp Code Value
Amount: 17836.0, Date: 2025-03-06 00:00:00, Vendor: Indigo, Category: Food

amazon_invoice_sample.pdf
Amazon India
Invoice Date: 10/07/2025

Invoice Number: AMZ-INV-2025-07-10-001

Sold to: Sai Chandra

Shipping Address: Hyderabad, Telangana

Item(s):
1x Boat Rockerz 255 Pro+ Bluetooth Headphones

Unit Price: Rs. 1299.00

Payment Method: Amazon Pay

Total Amount: Rs. 1299.00

Amount: ₹1299.0, Date: 2025-10-07 00:00:00, Vendor: Amazon, Category: E-Commerce

Screenshot 2025-07-21 at 11.44.04 AM.png
irban
Company
Urban Company Limited (Formerly known as
Urbanclap Technologies India Limited and
Urbanclap Technologies India Private Limited)
Registered Office
Unit No. 08, Ground Floor, Rectangle 1, D4,
‘Saket District Centre
New Delhi, Dethi, India - 110017
Email: help@urbancompany.com
Telephone: +911244570250
CIN U74140DL2014PLC274413
www urbancompany.com

Customer Name

Sai

Invoice no.
UCIC250002719681

Delivery Address

501, Innovative Hitex,Shilpa layout,
Izzathnagar, Kothaguda, 500084,
I
Amount: ₹1270.34, Date: 2025-05-03 00:00:00, Vendor: Urban, Category: Home Services

TaxInvoiceTS1242503CA31992.pdf
Tax Invoice InterGlobe Aviation Limited
(Original For Recipient)

AO 6 Level F PTB

Rajiv Gandhi International Airport
Shamshabad

Rangareddy

Telangana - 509218

GSTIN : 36AABCI2726B1Z3
Number : TS1242503CA31992

Date : 06-Mar-2025

Passenger Name: Kesari Srinivasa Reddy

PNR : P4ZUMJ Flight No : 6E - 887 From : HYD : XE Place of Supply : Telangana

GSTIN of Customer :

GSTIN Customer Name :
Currency : INR

Description SAC | Taxable leExamat Total eet EGST seeruest CESS Total(Incl
Pp Code Value
Amount: 17836.0, Date: 2025-03-06 00:00:00, Vendor: Indigo, Category: Food

TaxInvoiceTS1242503CA31992.pdf
Tax Invoice InterGlobe Aviation Limited
(Original For Recipient)

AO 6 Level F PTB

Rajiv Gandhi International Airport
Shamshabad

Rangareddy

Telangana - 509218

GSTIN : 36AABCI2726B1Z3
Number : TS1242503CA31992

Date : 06-Mar-2025

Passenger Name: Kesari Srinivasa Reddy

PNR : P4ZUMJ Flight No : 6E - 887 From : HYD : XE Place of Supply : Telangana

GSTIN of Customer :

GSTIN Customer Name :
Currency : INR

Description SAC | Taxable leExamat Total eet EGST seeruest CESS Total(Incl
Pp Code Value
Amount: 17836.0, Date: 2025-03-06 00:00:00, Vendor: Indigo, Category: Food

Screenshot 2025-07-21 at 11.44.04 AM.png
irban
Company
Urban Company Limited (Formerly known as
Urbanclap Technologies India Limited and
Urbanclap Technologies India Private Limited)
Registered Office
Unit No. 08, Ground Floor, Rectangle 1, D4,
‘Saket District Centre
New Delhi, Dethi, India - 110017
Email: help@urbancompany.com
Telephone: +911244570250
CIN U74140DL2014PLC274413
www urbancompany.com

Customer Name

Sai

Invoice no.
UCIC250002719681

Delivery Address

501, Innovative Hitex,Shilpa layout,
Izzathnagar, Kothaguda, 500084,
I
Amount: ₹1270.34, Date: 2025-05-03 00:00:00, Vendor: Urban, Category: Home Services

amazon_invoice_sample.pdf
Amazon India
Invoice Date: 10/07/2025

Invoice Number: AMZ-INV-2025-07-10-001

Sold to: Sai Chandra

Shipping Address: Hyderabad, Telangana

Item(s):
1x Boat Rockerz 255 Pro+ Bluetooth Headphones

Unit Price: Rs. 1299.00

Payment Method: Amazon Pay

Total Amount: Rs. 1299.00

Amount: ₹1299.0, Date: 2025-10-07 00:00:00, Vendor: Amazon, Category: E-Commerce

Screenshot 2025-07-21 at 11.44.04 AM.png
irban
Company
Urban Company Limited (Formerly known as
Urbanclap Technologies India Limited and
Urbanclap Technologies India Private Limited)
Registered Office
Unit No. 08, Ground Floor, Rectangle 1, D4,
‘Saket District Centre
New Delhi, Dethi, India - 110017
Email: help@urbancompany.com
Telephone: +911244570250
CIN U74140DL2014PLC274413
www urbancompany.com

Customer Name

Sai

Invoice no.
UCIC250002719681

Delivery Address

501, Innovative Hitex,Shilpa layout,
Izzathnagar, Kothaguda, 500084,
I
Amount: ₹1270.34, Date: 2025-05-03 00:00:00, Vendor: Urban, Category: Home Services

TaxInvoiceTS1242503CA31992.pdf
Tax Invoice InterGlobe Aviation Limited
(Original For Recipient)

AO 6 Level F PTB

Rajiv Gandhi International Airport
Shamshabad

Rangareddy

Telangana - 509218

GSTIN : 36AABCI2726B1Z3
Number : TS1242503CA31992

Date : 06-Mar-2025

Passenger Name: Kesari Srinivasa Reddy

PNR : P4ZUMJ Flight No : 6E - 887 From : HYD : XE Place of Supply : Telangana

GSTIN of Customer :

GSTIN Customer Name :
Currency : INR

Description SAC | Taxable leExamat Total eet EGST seeruest CESS Total(Incl
Pp Code Value
Amount: 17836.0, Date: 2025-03-06 00:00:00, Vendor: Indigo, Category: Food

